<?xml version="1.0" encoding="UTF-8"?>
<testng-results ignored="0" total="1" passed="1" failed="0" skipped="0">
  <reporter-output>
  </reporter-output>
  <suite started-at="2022-10-21T22:05:06 IST" name="Default suite" finished-at="2022-10-21T22:07:27 IST" duration-ms="141327">
    <groups>
    </groups>
    <test started-at="2022-10-21T22:05:06 IST" name="Default test" finished-at="2022-10-21T22:07:27 IST" duration-ms="141327">
      <class name="scripts.Testcase2">
        <test-method is-config="true" signature="openApp()[pri:0, instance:scripts.Testcase2@7a69b07]" started-at="2022-10-21T22:05:06 IST" name="openApp" finished-at="2022-10-21T22:05:39 IST" duration-ms="32921" status="PASS">
          <reporter-output>
          </reporter-output>
        </test-method> <!-- openApp -->
        <test-method signature="tc2()[pri:0, instance:scripts.Testcase2@7a69b07]" started-at="2022-10-21T22:05:39 IST" name="tc2" finished-at="2022-10-21T22:07:25 IST" duration-ms="105908" status="PASS">
          <reporter-output>
          </reporter-output>
        </test-method> <!-- tc2 -->
        <test-method is-config="true" signature="closeApp()[pri:0, instance:scripts.Testcase2@7a69b07]" started-at="2022-10-21T22:07:25 IST" name="closeApp" finished-at="2022-10-21T22:07:27 IST" duration-ms="2294" status="PASS">
          <reporter-output>
          </reporter-output>
        </test-method> <!-- closeApp -->
      </class> <!-- scripts.Testcase2 -->
    </test> <!-- Default test -->
  </suite> <!-- Default suite -->
</testng-results>
