<?xml version="1.0" encoding="UTF-8"?>
<testng-results ignored="0" total="2" passed="2" failed="0" skipped="0">
  <reporter-output>
  </reporter-output>
  <suite started-at="2022-10-22T07:44:21 IST" name="Suite" finished-at="2022-10-22T07:51:12 IST" duration-ms="411123">
    <groups>
    </groups>
    <test started-at="2022-10-22T07:44:21 IST" name="Test" finished-at="2022-10-22T07:51:12 IST" duration-ms="411123">
      <class name="scripts.TestCase1">
        <test-method is-config="true" signature="openApp()[pri:0, instance:scripts.TestCase1@5e82df6a]" started-at="2022-10-22T07:44:22 IST" name="openApp" finished-at="2022-10-22T07:46:18 IST" duration-ms="116023" status="PASS">
          <reporter-output>
          </reporter-output>
        </test-method> <!-- openApp -->
        <test-method signature="tc1()[pri:0, instance:scripts.TestCase1@5e82df6a]" started-at="2022-10-22T07:46:18 IST" name="tc1" finished-at="2022-10-22T07:48:54 IST" duration-ms="155846" status="PASS">
          <reporter-output>
          </reporter-output>
        </test-method> <!-- tc1 -->
        <test-method is-config="true" signature="closeApp()[pri:0, instance:scripts.TestCase1@5e82df6a]" started-at="2022-10-22T07:48:55 IST" name="closeApp" finished-at="2022-10-22T07:49:17 IST" duration-ms="22597" status="PASS">
          <reporter-output>
          </reporter-output>
        </test-method> <!-- closeApp -->
      </class> <!-- scripts.TestCase1 -->
      <class name="scripts.Testcase2">
        <test-method is-config="true" signature="openApp()[pri:0, instance:scripts.Testcase2@20deea7f]" started-at="2022-10-22T07:49:17 IST" name="openApp" finished-at="2022-10-22T07:49:26 IST" duration-ms="8724" status="PASS">
          <reporter-output>
          </reporter-output>
        </test-method> <!-- openApp -->
        <test-method signature="tc2()[pri:0, instance:scripts.Testcase2@20deea7f]" started-at="2022-10-22T07:49:26 IST" name="tc2" finished-at="2022-10-22T07:51:11 IST" duration-ms="105242" status="PASS">
          <reporter-output>
          </reporter-output>
        </test-method> <!-- tc2 -->
        <test-method is-config="true" signature="closeApp()[pri:0, instance:scripts.Testcase2@20deea7f]" started-at="2022-10-22T07:51:11 IST" name="closeApp" finished-at="2022-10-22T07:51:12 IST" duration-ms="1186" status="PASS">
          <reporter-output>
          </reporter-output>
        </test-method> <!-- closeApp -->
      </class> <!-- scripts.Testcase2 -->
    </test> <!-- Test -->
  </suite> <!-- Suite -->
</testng-results>
